{"level":"info","message":"Configuration loaded from config.yml","timestamp":"2025-09-20 18:26:14"}
{"level":"info","message":"Starting to watch folder: F:\\Ayesha\\Kodev Global\\angular19\\pmg-backend\\banks\\BankA\\input","timestamp":"2025-09-20 18:26:15"}
{"level":"info","message":"Starting to watch folder: F:\\Ayesha\\Kodev Global\\angular19\\pmg-backend\\banks\\BankB\\input","timestamp":"2025-09-20 18:26:15"}
{"level":"info","message":"Secure server is running on https://localhost:3000","timestamp":"2025-09-20 18:26:15"}
{"level":"info","message":"Default route accessed","timestamp":"2025-09-20 18:27:17"}
{"level":"info","message":"New file detected for BankA: F:\\Ayesha\\Kodev Global\\angular19\\pmg-backend\\banks\\BankA\\input\\test-message.txt","timestamp":"2025-09-20 18:27:57"}
{"level":"info","message":"Transformed message for BankA:","timestamp":"2025-09-20 18:27:57","transformedMessage":"<?xml version=\"1.0\" encoding=\"UTF-8\" standalone=\"yes\"?>\n<Document>\n  <FIToFICstmrCdtTrf>\n    <GrpHdr>\n      <MsgId>123456789</MsgId>\n      <CreDtTm>2025-09-20T13:27:57.521Z</CreDtTm>\n    </GrpHdr>\n    <CdtTrfTxInf>\n      <PmtId>\n        <InstrId>MT-InstrId</InstrId>\n        <EndToEndId>MT-EndToEndId</EndToEndId>\n      </PmtId>\n      <Amt>\n        <InstdAmt>\n          50000.00\n          <Ccy>PKR</Ccy>\n        </InstdAmt>\n      </Amt>\n      <Cdtr>\n        <Nm>Beneficiary Name</Nm>\n      </Cdtr>\n    </CdtTrfTxInf>\n  </FIToFICstmrCdtTrf>\n</Document>"}
{"Document":{"FIToFICstmrCdtTrf":{"CdtTrfTxInf":{"Amt":{"InstdAmt":{"Ccy":"PKR","_":"\n          50000.00\n          \n        "}},"Cdtr":{"Nm":"Beneficiary Name"},"PmtId":{"EndToEndId":"MT-EndToEndId","InstrId":"MT-InstrId"}},"GrpHdr":{"CreDtTm":"2025-09-20T13:27:57.521Z","MsgId":"123456789"}}},"level":"info","message":"Parsed MX message for validation:","timestamp":"2025-09-20 18:27:57"}
{"level":"info","message":"Sending message to Raast API...","timestamp":"2025-09-20 18:27:57"}
{"level":"info","message":"Raast API response for BankA:","success":true,"timestamp":"2025-09-20 18:27:58","transactionId":"12345"}
{"level":"info","message":"Publishing message to RabbitMQ queue: payment-messages amqp://localhost {\n  \"Document\": {\n    \"FIToFICstmrCdtTrf\": {\n      \"GrpHdr\": {\n        \"MsgId\": \"123456789\",\n        \"CreDtTm\": \"2025-09-20T13:27:57.521Z\"\n      },\n      \"CdtTrfTxInf\": {\n        \"PmtId\": {\n          \"InstrId\": \"MT-InstrId\",\n          \"EndToEndId\": \"MT-EndToEndId\"\n        },\n        \"Amt\": {\n          \"InstdAmt\": {\n            \"_\": \"\\n          50000.00\\n          \\n        \",\n            \"Ccy\": \"PKR\"\n          }\n        },\n        \"Cdtr\": {\n          \"Nm\": \"Beneficiary Name\"\n        }\n      }\n    }\n  }\n}","timestamp":"2025-09-20 18:27:58"}
{"level":"info","message":"Message published to RabbitMQ:","timestamp":"2025-09-20 18:28:01"}
{"level":"info","message":"Transformed message saved to: F:\\Ayesha\\Kodev Global\\angular19\\pmg-backend\\banks\\BankA\\output\\test-message-transformed.xml","timestamp":"2025-09-20 18:28:01"}
{"level":"info","message":"New file detected for BankA: F:\\Ayesha\\Kodev Global\\angular19\\pmg-backend\\banks\\BankA\\input\\test-message.txt","timestamp":"2025-09-20 18:28:01"}
{"level":"info","message":"Transformed message for BankA:","timestamp":"2025-09-20 18:28:01","transformedMessage":"<?xml version=\"1.0\" encoding=\"UTF-8\" standalone=\"yes\"?>\n<Document>\n  <FIToFICstmrCdtTrf>\n    <GrpHdr>\n      <MsgId>123456789</MsgId>\n      <CreDtTm>2025-09-20T13:28:01.953Z</CreDtTm>\n    </GrpHdr>\n    <CdtTrfTxInf>\n      <PmtId>\n        <InstrId>MT-InstrId</InstrId>\n        <EndToEndId>MT-EndToEndId</EndToEndId>\n      </PmtId>\n      <Amt>\n        <InstdAmt>\n          50000.00\n          <Ccy>PKR</Ccy>\n        </InstdAmt>\n      </Amt>\n      <Cdtr>\n        <Nm>Beneficiary Name</Nm>\n      </Cdtr>\n    </CdtTrfTxInf>\n  </FIToFICstmrCdtTrf>\n</Document>"}
{"Document":{"FIToFICstmrCdtTrf":{"CdtTrfTxInf":{"Amt":{"InstdAmt":{"Ccy":"PKR","_":"\n          50000.00\n          \n        "}},"Cdtr":{"Nm":"Beneficiary Name"},"PmtId":{"EndToEndId":"MT-EndToEndId","InstrId":"MT-InstrId"}},"GrpHdr":{"CreDtTm":"2025-09-20T13:28:01.953Z","MsgId":"123456789"}}},"level":"info","message":"Parsed MX message for validation:","timestamp":"2025-09-20 18:28:02"}
{"level":"info","message":"Sending message to Raast API...","timestamp":"2025-09-20 18:28:02"}
{"level":"info","message":"Raast API response for BankA:","success":true,"timestamp":"2025-09-20 18:28:02","transactionId":"12345"}
{"level":"info","message":"Publishing message to RabbitMQ queue: payment-messages amqp://localhost {\n  \"Document\": {\n    \"FIToFICstmrCdtTrf\": {\n      \"GrpHdr\": {\n        \"MsgId\": \"123456789\",\n        \"CreDtTm\": \"2025-09-20T13:28:01.953Z\"\n      },\n      \"CdtTrfTxInf\": {\n        \"PmtId\": {\n          \"InstrId\": \"MT-InstrId\",\n          \"EndToEndId\": \"MT-EndToEndId\"\n        },\n        \"Amt\": {\n          \"InstdAmt\": {\n            \"_\": \"\\n          50000.00\\n          \\n        \",\n            \"Ccy\": \"PKR\"\n          }\n        },\n        \"Cdtr\": {\n          \"Nm\": \"Beneficiary Name\"\n        }\n      }\n    }\n  }\n}","timestamp":"2025-09-20 18:28:02"}
{"level":"info","message":"Message published to RabbitMQ:","timestamp":"2025-09-20 18:28:03"}
{"level":"info","message":"Transformed message saved to: F:\\Ayesha\\Kodev Global\\angular19\\pmg-backend\\banks\\BankA\\output\\test-message-transformed.xml","timestamp":"2025-09-20 18:28:03"}
{"level":"info","message":"New file detected for BankA: F:\\Ayesha\\Kodev Global\\angular19\\pmg-backend\\banks\\BankA\\input\\test-message.txt","timestamp":"2025-09-20 18:28:19"}
{"level":"info","message":"Transformed message for BankA:","timestamp":"2025-09-20 18:28:19","transformedMessage":"<?xml version=\"1.0\" encoding=\"UTF-8\" standalone=\"yes\"?>\n<Document>\n  <FIToFICstmrCdtTrf>\n    <GrpHdr>\n      <MsgId>123456789</MsgId>\n      <CreDtTm>2025-09-20T13:28:19.588Z</CreDtTm>\n    </GrpHdr>\n    <CdtTrfTxInf>\n      <PmtId>\n        <InstrId>MT-InstrId</InstrId>\n        <EndToEndId>MT-EndToEndId</EndToEndId>\n      </PmtId>\n      <Amt>\n        <InstdAmt>\n          50000.00\n          <Ccy>PKR</Ccy>\n        </InstdAmt>\n      </Amt>\n      <Cdtr>\n        <Nm>Beneficiary Name</Nm>\n      </Cdtr>\n    </CdtTrfTxInf>\n  </FIToFICstmrCdtTrf>\n</Document>"}
{"Document":{"FIToFICstmrCdtTrf":{"CdtTrfTxInf":{"Amt":{"InstdAmt":{"Ccy":"PKR","_":"\n          50000.00\n          \n        "}},"Cdtr":{"Nm":"Beneficiary Name"},"PmtId":{"EndToEndId":"MT-EndToEndId","InstrId":"MT-InstrId"}},"GrpHdr":{"CreDtTm":"2025-09-20T13:28:19.588Z","MsgId":"123456789"}}},"level":"info","message":"Parsed MX message for validation:","timestamp":"2025-09-20 18:28:19"}
{"level":"info","message":"Sending message to Raast API...","timestamp":"2025-09-20 18:28:19"}
{"level":"info","message":"Raast API response for BankA:","success":true,"timestamp":"2025-09-20 18:28:19","transactionId":"12345"}
{"level":"info","message":"Publishing message to RabbitMQ queue: payment-messages amqp://localhost {\n  \"Document\": {\n    \"FIToFICstmrCdtTrf\": {\n      \"GrpHdr\": {\n        \"MsgId\": \"123456789\",\n        \"CreDtTm\": \"2025-09-20T13:28:19.588Z\"\n      },\n      \"CdtTrfTxInf\": {\n        \"PmtId\": {\n          \"InstrId\": \"MT-InstrId\",\n          \"EndToEndId\": \"MT-EndToEndId\"\n        },\n        \"Amt\": {\n          \"InstdAmt\": {\n            \"_\": \"\\n          50000.00\\n          \\n        \",\n            \"Ccy\": \"PKR\"\n          }\n        },\n        \"Cdtr\": {\n          \"Nm\": \"Beneficiary Name\"\n        }\n      }\n    }\n  }\n}","timestamp":"2025-09-20 18:28:19"}
{"level":"info","message":"Message published to RabbitMQ:","timestamp":"2025-09-20 18:28:19"}
{"level":"info","message":"Transformed message saved to: F:\\Ayesha\\Kodev Global\\angular19\\pmg-backend\\banks\\BankA\\output\\test-message-transformed.xml","timestamp":"2025-09-20 18:28:19"}
